<?xml version="1.0" encoding="UTF-8"?>
<!-- Generated by org.testng.reporters.JUnitReportReporter -->
<testsuite skipped="0" hostname="LAPTOP-5H7RK3FU" name="api3.api_12" tests="5" failures="0" timestamp="21 Mar 2022 19:03:20 GMT" time="9.829" errors="0">
  <testcase name="createUser" time="3.758" classname="api3.api_12"/>
  <testcase name="login" time="1.551" classname="api3.api_12"/>
  <testcase name="logout" time="1.476" classname="api3.api_12"/>
  <testcase name="edit" time="1.523" classname="api3.api_12"/>
  <testcase name="delete" time="1.521" classname="api3.api_12"/>
</testsuite> <!-- api3.api_12 -->
